<?xml version="1.0"?>

<!-- Copyright (c) 2020, Oracle and/or its affiliates. Licensed under the
	Universal Permissive License v 1.0 as shown at http://oss.oracle.com/licenses/upl. -->

<cache-config
	xmlns:xsi="http://www.w3.org/2001/XMLSchema-instance"
	xmlns="http://xmlns.oracle.com/coherence/coherence-cache-config"
	xsi:schemaLocation="http://xmlns.oracle.com/coherence/coherence-cache-config coherence-cache-config.xsd">
	<caching-scheme-mapping>
		<cache-mapping>
			<cache-name>spring-cache</cache-name>
			<scheme-name>local-cache-testing</scheme-name>
		</cache-mapping>

		<cache-mapping>
			<cache-name>*</cache-name>
			<scheme-name>local-cache-testing</scheme-name>
		</cache-mapping>
	</caching-scheme-mapping>

	<caching-schemes>
		<local-scheme>
			<scheme-name>local-cache-testing</scheme-name>
			<high-units>5</high-units>
			<unit-calculator>FIXED</unit-calculator>
		</local-scheme>
	</caching-schemes>

</cache-config>
