<?xml version="1.0"?>
<cache-config xmlns:xsi="http://www.w3.org/2001/XMLSchema-instance"
              xmlns="http://xmlns.oracle.com/coherence/coherence-cache-config"
              xsi:schemaLocation="http://xmlns.oracle.com/coherence/coherence-cache-config coherence-cache-config.xsd">

  <caching-scheme-mapping>
    <cache-mapping>
      <cache-name>*</cache-name>
      <scheme-name>default-storage</scheme-name>
    </cache-mapping>
  </caching-scheme-mapping>

  <topic-scheme-mapping>
    <topic-mapping>
      <topic-name>*</topic-name>
      <scheme-name>default-topic</scheme-name>
    </topic-mapping>
  </topic-scheme-mapping>

  <caching-schemes>
    <!-- partitioned storage scheme for servers -->
    <distributed-scheme>
      <scheme-name>default-storage</scheme-name>
      <service-name>StorageService</service-name>
      <backing-map-scheme>
        <local-scheme>
          <unit-calculator>BINARY</unit-calculator>
        </local-scheme>
      </backing-map-scheme>
      <autostart>true</autostart>
    </distributed-scheme>

    <!-- partitioned topic scheme for servers -->
    <paged-topic-scheme>
      <scheme-name>default-topic</scheme-name>
      <service-name>${coherence.service.prefix Default}TopicService</service-name>
      <local-storage system-property="coherence.topic.localstorage">true</local-storage>
      <autostart system-property="coherence.topic.enabled">true</autostart>
      <high-units system-property="coherence.topic.max_size">0B</high-units>
    </paged-topic-scheme>
  </caching-schemes>
</cache-config>
